<testsuites id="" name="" tests="350" failures="146" skipped="0" errors="0" time="268.219705">
<testsuite name="app.spec.ts" timestamp="2025-06-04T17:59:15.692Z" hostname="chromium" tests="32" failures="16" skipped="0" time="243.741" errors="0">
<testcase name="Angular Material App › should load the application successfully" classname="app.spec.ts" time="4.96">
</testcase>
<testcase name="Angular Material App › should navigate between pages correctly" classname="app.spec.ts" time="5.47">
</testcase>
<testcase name="Angular Material App › should highlight active navigation items" classname="app.spec.ts" time="5.027">
</testcase>
<testcase name="Angular Material App › should be responsive" classname="app.spec.ts" time="4.973">
</testcase>
<testcase name="Home Page › should display welcome content" classname="app.spec.ts" time="4.892">
</testcase>
<testcase name="Home Page › should display technology chips" classname="app.spec.ts" time="9.271">
<failure message="app.spec.ts:75:7 should display technology chips" type="FAILURE">
<![CDATA[  [chromium] › app.spec.ts:75:7 › Home Page › should display technology chips ──────────────────────

    Error: Timed out 5000ms waiting for expect(locator).toHaveCount(expected)

    Locator: locator('.tech-chips mat-chip')
    Expected: 4
    Received: 5
    Call log:
      - expect.toHaveCount with timeout 5000ms
      - waiting for locator('.tech-chips mat-chip')
        8 × locator resolved to 5 elements
          - unexpected value "5"


      74 |
      75 |   test('should display technology chips', async ({ page }) => {
    > 76 |     await expect(page.locator('.tech-chips mat-chip')).toHaveCount(4);
         |                                                        ^
      77 |     await expect(page.locator('mat-chip:has-text("Angular")')).toBeVisible();
      78 |     await expect(page.locator('mat-chip:has-text("Material")')).toBeVisible();
      79 |     await expect(page.locator('mat-chip:has-text("TypeScript")')).toBeVisible();
        at C:\Games\AngularApp\angular-material-app\e2e\app.spec.ts:76:56

    attachment #1: screenshot (image/png) ──────────────────────────────────────────────────────────
    playwright-results\app-Home-Page-should-display-technology-chips-chromium\test-failed-1.png
    ────────────────────────────────────────────────────────────────────────────────────────────────

    attachment #2: video (video/webm) ──────────────────────────────────────────────────────────────
    playwright-results\app-Home-Page-should-display-technology-chips-chromium\video.webm
    ────────────────────────────────────────────────────────────────────────────────────────────────

    Error Context: ..\playwright-results\app-Home-Page-should-display-technology-chips-chromium\error-context.md
]]>
</failure>
<system-out>
<![CDATA[
[[ATTACHMENT|..\playwright-results\app-Home-Page-should-display-technology-chips-chromium\test-failed-1.png]]

[[ATTACHMENT|..\playwright-results\app-Home-Page-should-display-technology-chips-chromium\video.webm]]

[[ATTACHMENT|..\playwright-results\app-Home-Page-should-display-technology-chips-chromium\error-context.md]]
]]>
</system-out>
</testcase>
<testcase name="Home Page › should handle tab navigation" classname="app.spec.ts" time="8.854">
<failure message="app.spec.ts:83:7 should handle tab navigation" type="FAILURE">
<![CDATA[  [chromium] › app.spec.ts:83:7 › Home Page › should handle tab navigation ─────────────────────────

    Error: Timed out 5000ms waiting for expect(locator).toBeVisible()

    Locator: locator('.features-content')
    Expected: visible
    Received: <element(s) not found>
    Call log:
      - expect.toBeVisible with timeout 5000ms
      - waiting for locator('.features-content')


      83 |   test('should handle tab navigation', async ({ page }) => {
      84 |     // Check initial tab
    > 85 |     await expect(page.locator('.features-content')).toBeVisible();
         |                                                     ^
      86 |
      87 |     // Switch to Components tab
      88 |     await page.click('mat-tab:has-text("Components")');
        at C:\Games\AngularApp\angular-material-app\e2e\app.spec.ts:85:53

    attachment #1: screenshot (image/png) ──────────────────────────────────────────────────────────
    playwright-results\app-Home-Page-should-handle-tab-navigation-chromium\test-failed-1.png
    ────────────────────────────────────────────────────────────────────────────────────────────────

    attachment #2: video (video/webm) ──────────────────────────────────────────────────────────────
    playwright-results\app-Home-Page-should-handle-tab-navigation-chromium\video.webm
    ────────────────────────────────────────────────────────────────────────────────────────────────

    Error Context: ..\playwright-results\app-Home-Page-should-handle-tab-navigation-chromium\error-context.md
]]>
</failure>
<system-out>
<![CDATA[
[[ATTACHMENT|..\playwright-results\app-Home-Page-should-handle-tab-navigation-chromium\test-failed-1.png]]

[[ATTACHMENT|..\playwright-results\app-Home-Page-should-handle-tab-navigation-chromium\video.webm]]

[[ATTACHMENT|..\playwright-results\app-Home-Page-should-handle-tab-navigation-chromium\error-context.md]]
]]>
</system-out>
</testcase>
<testcase name="Home Page › should display feature cards with progress bars" classname="app.spec.ts" time="10.036">
<failure message="app.spec.ts:96:7 should display feature cards with progress bars" type="FAILURE">
<![CDATA[  [chromium] › app.spec.ts:96:7 › Home Page › should display feature cards with progress bars ──────

    Error: Timed out 5000ms waiting for expect(locator).toHaveAttribute()

    Locator: locator('.feature-card mat-progress-bar').first()
    Expected: have attribute
    Received: attribute not present
    Call log:
      - expect.toHaveAttribute with timeout 5000ms
      - waiting for locator('.feature-card mat-progress-bar').first()
        9 × locator resolved to <mat-progress-bar tabindex="-1" aria-valuemin="0" role="progressbar" mode="determinate" aria-valuenow="90" aria-valuemax="100" _ngcontent-ng-c650608222="" class="mat-mdc-progress-bar mdc-linear-progress mat-primary mdc-linear-progress--animation-ready">…</mat-progress-bar>
          - unexpected value "attribute not present"


      104 |     const progressBars = page.locator('.feature-card mat-progress-bar');
      105 |     for (let i = 0; i < await progressBars.count(); i++) {
    > 106 |       await expect(progressBars.nth(i)).toHaveAttribute('value');
          |                                         ^
      107 |     }
      108 |   });
      109 | });
        at C:\Games\AngularApp\angular-material-app\e2e\app.spec.ts:106:41

    attachment #1: screenshot (image/png) ──────────────────────────────────────────────────────────
    playwright-results\app-Home-Page-should-displ-13962-re-cards-with-progress-bars-chromium\test-failed-1.png
    ────────────────────────────────────────────────────────────────────────────────────────────────

    attachment #2: video (video/webm) ──────────────────────────────────────────────────────────────
    playwright-results\app-Home-Page-should-displ-13962-re-cards-with-progress-bars-chromium\video.webm
    ────────────────────────────────────────────────────────────────────────────────────────────────

    Error Context: ..\playwright-results\app-Home-Page-should-displ-13962-re-cards-with-progress-bars-chromium\error-context.md
]]>
</failure>
<system-out>
<![CDATA[
[[ATTACHMENT|..\playwright-results\app-Home-Page-should-displ-13962-re-cards-with-progress-bars-chromium\test-failed-1.png]]

[[ATTACHMENT|..\playwright-results\app-Home-Page-should-displ-13962-re-cards-with-progress-bars-chromium\video.webm]]

[[ATTACHMENT|..\playwright-results\app-Home-Page-should-displ-13962-re-cards-with-progress-bars-chromium\error-context.md]]
]]>
</system-out>
</testcase>
<testcase name="Dashboard Page › should display statistics cards" classname="app.spec.ts" time="4.789">
</testcase>
<testcase name="Dashboard Page › should display project progress section" classname="app.spec.ts" time="5.204">
</testcase>
<testcase name="Dashboard Page › should display recent activities" classname="app.spec.ts" time="8.952">
<failure message="app.spec.ts:140:7 should display recent activities" type="FAILURE">
<![CDATA[  [chromium] › app.spec.ts:140:7 › Dashboard Page › should display recent activities ───────────────

    Error: Timed out 5000ms waiting for expect(locator).toHaveCount(expected)

    Locator: locator('mat-list-item')
    Expected: 5
    Received: 4
    Call log:
      - expect.toHaveCount with timeout 5000ms
      - waiting for locator('mat-list-item')
        9 × locator resolved to 4 elements
          - unexpected value "4"


      143 |     
      144 |     const activities = page.locator('mat-list-item');
    > 145 |     await expect(activities).toHaveCount(5);
          |                              ^
      146 |     
      147 |     // Check each activity has an icon and timestamp
      148 |     for (let i = 0; i < await activities.count(); i++) {
        at C:\Games\AngularApp\angular-material-app\e2e\app.spec.ts:145:30

    attachment #1: screenshot (image/png) ──────────────────────────────────────────────────────────
    playwright-results\app-Dashboard-Page-should-display-recent-activities-chromium\test-failed-1.png
    ────────────────────────────────────────────────────────────────────────────────────────────────

    attachment #2: video (video/webm) ──────────────────────────────────────────────────────────────
    playwright-results\app-Dashboard-Page-should-display-recent-activities-chromium\video.webm
    ────────────────────────────────────────────────────────────────────────────────────────────────

    Error Context: ..\playwright-results\app-Dashboard-Page-should-display-recent-activities-chromium\error-context.md
]]>
</failure>
<system-out>
<![CDATA[
[[ATTACHMENT|..\playwright-results\app-Dashboard-Page-should-display-recent-activities-chromium\test-failed-1.png]]

[[ATTACHMENT|..\playwright-results\app-Dashboard-Page-should-display-recent-activities-chromium\video.webm]]

[[ATTACHMENT|..\playwright-results\app-Dashboard-Page-should-display-recent-activities-chromium\error-context.md]]
]]>
</system-out>
</testcase>
<testcase name="Dashboard Page › should display quick actions" classname="app.spec.ts" time="31.038">
<failure message="app.spec.ts:154:7 should display quick actions" type="FAILURE">
<![CDATA[  [chromium] › app.spec.ts:154:7 › Dashboard Page › should display quick actions ───────────────────

    Test timeout of 30000ms exceeded.

    Error: page.click: Test timeout of 30000ms exceeded.
    Call log:
      - waiting for locator('.action-button:has-text("Create New")')


      157 |     
      158 |     // Test action button clicks
    > 159 |     await page.click('.action-button:has-text("Create New")');
          |                ^
      160 |     // In a real app, this might open a dialog or navigate somewhere
      161 |   });
      162 | });
        at C:\Games\AngularApp\angular-material-app\e2e\app.spec.ts:159:16

    attachment #1: screenshot (image/png) ──────────────────────────────────────────────────────────
    playwright-results\app-Dashboard-Page-should-display-quick-actions-chromium\test-failed-1.png
    ────────────────────────────────────────────────────────────────────────────────────────────────

    attachment #2: video (video/webm) ──────────────────────────────────────────────────────────────
    playwright-results\app-Dashboard-Page-should-display-quick-actions-chromium\video.webm
    ────────────────────────────────────────────────────────────────────────────────────────────────

    Error Context: ..\playwright-results\app-Dashboard-Page-should-display-quick-actions-chromium\error-context.md
]]>
</failure>
<system-out>
<![CDATA[
[[ATTACHMENT|..\playwright-results\app-Dashboard-Page-should-display-quick-actions-chromium\test-failed-1.png]]

[[ATTACHMENT|..\playwright-results\app-Dashboard-Page-should-display-quick-actions-chromium\video.webm]]

[[ATTACHMENT|..\playwright-results\app-Dashboard-Page-should-display-quick-actions-chromium\error-context.md]]
]]>
</system-out>
</testcase>
<testcase name="Products Page › should display filters and search" classname="app.spec.ts" time="1.02">
</testcase>
<testcase name="Products Page › should display product cards" classname="app.spec.ts" time="6.522">
<failure message="app.spec.ts:175:7 should display product cards" type="FAILURE">
<![CDATA[  [chromium] › app.spec.ts:175:7 › Products Page › should display product cards ────────────────────

    Error: Timed out 5000ms waiting for expect(locator).toHaveCount(expected)

    Locator: locator('.product-card').first().locator('mat-chip')
    Expected: 2
    Received: 3
    Call log:
      - expect.toHaveCount with timeout 5000ms
      - waiting for locator('.product-card').first().locator('mat-chip')
        9 × locator resolved to 3 elements
          - unexpected value "3"


      182 |       await expect(productCards.nth(i).locator('.price')).toBeVisible();
      183 |       await expect(productCards.nth(i).locator('.rating-section')).toBeVisible();
    > 184 |       await expect(productCards.nth(i).locator('mat-chip')).toHaveCount(2);
          |                                                             ^
      185 |     }
      186 |   });
      187 |
        at C:\Games\AngularApp\angular-material-app\e2e\app.spec.ts:184:61

    attachment #1: screenshot (image/png) ──────────────────────────────────────────────────────────
    playwright-results\app-Products-Page-should-display-product-cards-chromium\test-failed-1.png
    ────────────────────────────────────────────────────────────────────────────────────────────────

    attachment #2: video (video/webm) ──────────────────────────────────────────────────────────────
    playwright-results\app-Products-Page-should-display-product-cards-chromium\video.webm
    ────────────────────────────────────────────────────────────────────────────────────────────────

    Error Context: ..\playwright-results\app-Products-Page-should-display-product-cards-chromium\error-context.md
]]>
</failure>
<system-out>
<![CDATA[
[[ATTACHMENT|..\playwright-results\app-Products-Page-should-display-product-cards-chromium\test-failed-1.png]]

[[ATTACHMENT|..\playwright-results\app-Products-Page-should-display-product-cards-chromium\video.webm]]

[[ATTACHMENT|..\playwright-results\app-Products-Page-should-display-product-cards-chromium\error-context.md]]
]]>
</system-out>
</testcase>
<testcase name="Products Page › should filter products by search" classname="app.spec.ts" time="1.48">
</testcase>
<testcase name="Products Page › should filter products by category" classname="app.spec.ts" time="7.075">
<failure message="app.spec.ts:205:7 should filter products by category" type="FAILURE">
<![CDATA[  [chromium] › app.spec.ts:205:7 › Products Page › should filter products by category ──────────────

    Error: Timed out 5000ms waiting for expect(locator).toContainText(expected)

    Locator: locator('.results-info')
    Expected string: "Web Development"
    Received string: "3 products found"
    Call log:
      - expect.toContainText with timeout 5000ms
      - waiting for locator('.results-info')
        9 × locator resolved to <div class="results-info" _ngcontent-ng-c3230147431="">…</div>
          - unexpected value "3 products found"


      211 |     
      212 |     await expect(page.locator('.results-info')).toBeVisible();
    > 213 |     await expect(page.locator('.results-info')).toContainText('Web Development');
          |                                                 ^
      214 |   });
      215 |
      216 |   test('should display star ratings correctly', async ({ page }) => {
        at C:\Games\AngularApp\angular-material-app\e2e\app.spec.ts:213:49

    attachment #1: screenshot (image/png) ──────────────────────────────────────────────────────────
    playwright-results\app-Products-Page-should-filter-products-by-category-chromium\test-failed-1.png
    ────────────────────────────────────────────────────────────────────────────────────────────────

    attachment #2: video (video/webm) ──────────────────────────────────────────────────────────────
    playwright-results\app-Products-Page-should-filter-products-by-category-chromium\video.webm
    ────────────────────────────────────────────────────────────────────────────────────────────────

    Error Context: ..\playwright-results\app-Products-Page-should-filter-products-by-category-chromium\error-context.md
]]>
</failure>
<system-out>
<![CDATA[
[[ATTACHMENT|..\playwright-results\app-Products-Page-should-filter-products-by-category-chromium\test-failed-1.png]]

[[ATTACHMENT|..\playwright-results\app-Products-Page-should-filter-products-by-category-chromium\video.webm]]

[[ATTACHMENT|..\playwright-results\app-Products-Page-should-filter-products-by-category-chromium\error-context.md]]
]]>
</system-out>
</testcase>
<testcase name="Products Page › should display star ratings correctly" classname="app.spec.ts" time="0.999">
</testcase>
<testcase name="Products Page › should handle no results state" classname="app.spec.ts" time="1.447">
</testcase>
<testcase name="Profile Page › should display profile tabs" classname="app.spec.ts" time="6.144">
<failure message="app.spec.ts:244:7 should display profile tabs" type="FAILURE">
<![CDATA[  [chromium] › app.spec.ts:244:7 › Profile Page › should display profile tabs ──────────────────────

    Error: Timed out 5000ms waiting for expect(locator).toBeVisible()

    Locator: locator('mat-tab:has-text("Profile")')
    Expected: visible
    Received: <element(s) not found>
    Call log:
      - expect.toBeVisible with timeout 5000ms
      - waiting for locator('mat-tab:has-text("Profile")')


      244 |   test('should display profile tabs', async ({ page }) => {
      245 |     await expect(page.locator('mat-tab-group')).toBeVisible();
    > 246 |     await expect(page.locator('mat-tab:has-text("Profile")')).toBeVisible();
          |                                                               ^
      247 |     await expect(page.locator('mat-tab:has-text("Security")')).toBeVisible();
      248 |     await expect(page.locator('mat-tab:has-text("Preferences")')).toBeVisible();
      249 |   });
        at C:\Games\AngularApp\angular-material-app\e2e\app.spec.ts:246:63

    attachment #1: screenshot (image/png) ──────────────────────────────────────────────────────────
    playwright-results\app-Profile-Page-should-display-profile-tabs-chromium\test-failed-1.png
    ────────────────────────────────────────────────────────────────────────────────────────────────

    attachment #2: video (video/webm) ──────────────────────────────────────────────────────────────
    playwright-results\app-Profile-Page-should-display-profile-tabs-chromium\video.webm
    ────────────────────────────────────────────────────────────────────────────────────────────────

    Error Context: ..\playwright-results\app-Profile-Page-should-display-profile-tabs-chromium\error-context.md
]]>
</failure>
<system-out>
<![CDATA[
[[ATTACHMENT|..\playwright-results\app-Profile-Page-should-display-profile-tabs-chromium\test-failed-1.png]]

[[ATTACHMENT|..\playwright-results\app-Profile-Page-should-display-profile-tabs-chromium\video.webm]]

[[ATTACHMENT|..\playwright-results\app-Profile-Page-should-display-profile-tabs-chromium\error-context.md]]
]]>
</system-out>
</testcase>
<testcase name="Profile Page › should display and validate profile form" classname="app.spec.ts" time="0.766">
</testcase>
<testcase name="Profile Page › should display avatar section" classname="app.spec.ts" time="0.602">
</testcase>
<testcase name="Profile Page › should handle security tab" classname="app.spec.ts" time="32.12">
<failure message="app.spec.ts:273:7 should handle security tab" type="FAILURE">
<![CDATA[  [chromium] › app.spec.ts:273:7 › Profile Page › should handle security tab ───────────────────────

    Test timeout of 30000ms exceeded.

    Error: page.click: Test timeout of 30000ms exceeded.
    Call log:
      - waiting for locator('mat-tab:has-text("Security")')


      272 |
      273 |   test('should handle security tab', async ({ page }) => {
    > 274 |     await page.click('mat-tab:has-text("Security")');
          |                ^
      275 |     await expect(page.locator('.security-form-card')).toBeVisible();
      276 |     await expect(page.locator('input[formControlName="currentPassword"]')).toBeVisible();
      277 |     await expect(page.locator('input[formControlName="newPassword"]')).toBeVisible();
        at C:\Games\AngularApp\angular-material-app\e2e\app.spec.ts:274:16

    attachment #1: screenshot (image/png) ──────────────────────────────────────────────────────────
    playwright-results\app-Profile-Page-should-handle-security-tab-chromium\test-failed-1.png
    ────────────────────────────────────────────────────────────────────────────────────────────────

    attachment #2: video (video/webm) ──────────────────────────────────────────────────────────────
    playwright-results\app-Profile-Page-should-handle-security-tab-chromium\video.webm
    ────────────────────────────────────────────────────────────────────────────────────────────────

    Error Context: ..\playwright-results\app-Profile-Page-should-handle-security-tab-chromium\error-context.md
]]>
</failure>
<system-out>
<![CDATA[
[[ATTACHMENT|..\playwright-results\app-Profile-Page-should-handle-security-tab-chromium\test-failed-1.png]]

[[ATTACHMENT|..\playwright-results\app-Profile-Page-should-handle-security-tab-chromium\video.webm]]

[[ATTACHMENT|..\playwright-results\app-Profile-Page-should-handle-security-tab-chromium\error-context.md]]
]]>
</system-out>
</testcase>
<testcase name="Profile Page › should handle preferences tab with toggles" classname="app.spec.ts" time="32.183">
<failure message="app.spec.ts:281:7 should handle preferences tab with toggles" type="FAILURE">
<![CDATA[  [chromium] › app.spec.ts:281:7 › Profile Page › should handle preferences tab with toggles ───────

    Test timeout of 30000ms exceeded.

    Error: page.click: Test timeout of 30000ms exceeded.
    Call log:
      - waiting for locator('mat-tab:has-text("Preferences")')


      280 |
      281 |   test('should handle preferences tab with toggles', async ({ page }) => {
    > 282 |     await page.click('mat-tab:has-text("Preferences")');
          |                ^
      283 |     
      284 |     const slideToggles = page.locator('mat-slide-toggle');
      285 |     await expect(slideToggles).toHaveCount(4);
        at C:\Games\AngularApp\angular-material-app\e2e\app.spec.ts:282:16

    attachment #1: screenshot (image/png) ──────────────────────────────────────────────────────────
    playwright-results\app-Profile-Page-should-handle-preferences-tab-with-toggles-chromium\test-failed-1.png
    ────────────────────────────────────────────────────────────────────────────────────────────────

    attachment #2: video (video/webm) ──────────────────────────────────────────────────────────────
    playwright-results\app-Profile-Page-should-handle-preferences-tab-with-toggles-chromium\video.webm
    ────────────────────────────────────────────────────────────────────────────────────────────────

    Error Context: ..\playwright-results\app-Profile-Page-should-handle-preferences-tab-with-toggles-chromium\error-context.md
]]>
</failure>
<system-out>
<![CDATA[
[[ATTACHMENT|..\playwright-results\app-Profile-Page-should-handle-preferences-tab-with-toggles-chromium\test-failed-1.png]]

[[ATTACHMENT|..\playwright-results\app-Profile-Page-should-handle-preferences-tab-with-toggles-chromium\video.webm]]

[[ATTACHMENT|..\playwright-results\app-Profile-Page-should-handle-preferences-tab-with-toggles-chromium\error-context.md]]
]]>
</system-out>
</testcase>
<testcase name="Profile Page › should display and manage skill chips" classname="app.spec.ts" time="32.223">
<failure message="app.spec.ts:298:7 should display and manage skill chips" type="FAILURE">
<![CDATA[  [chromium] › app.spec.ts:298:7 › Profile Page › should display and manage skill chips ────────────

    Test timeout of 30000ms exceeded.

    Error: page.click: Test timeout of 30000ms exceeded.
    Call log:
      - waiting for locator('mat-tab:has-text("Preferences")')


      297 |
      298 |   test('should display and manage skill chips', async ({ page }) => {
    > 299 |     await page.click('mat-tab:has-text("Preferences")');
          |                ^
      300 |     
      301 |     const skillChips = page.locator('.skill-chip');
      302 |     await expect(skillChips).toHaveCount(5);
        at C:\Games\AngularApp\angular-material-app\e2e\app.spec.ts:299:16

    attachment #1: screenshot (image/png) ──────────────────────────────────────────────────────────
    playwright-results\app-Profile-Page-should-display-and-manage-skill-chips-chromium\test-failed-1.png
    ────────────────────────────────────────────────────────────────────────────────────────────────

    attachment #2: video (video/webm) ──────────────────────────────────────────────────────────────
    playwright-results\app-Profile-Page-should-display-and-manage-skill-chips-chromium\video.webm
    ────────────────────────────────────────────────────────────────────────────────────────────────

    Error Context: ..\playwright-results\app-Profile-Page-should-display-and-manage-skill-chips-chromium\error-context.md
]]>
</failure>
<system-out>
<![CDATA[
[[ATTACHMENT|..\playwright-results\app-Profile-Page-should-display-and-manage-skill-chips-chromium\test-failed-1.png]]

[[ATTACHMENT|..\playwright-results\app-Profile-Page-should-display-and-manage-skill-chips-chromium\video.webm]]

[[ATTACHMENT|..\playwright-results\app-Profile-Page-should-display-and-manage-skill-chips-chromium\error-context.md]]
]]>
</system-out>
</testcase>
<testcase name="Settings Page › should display settings categories" classname="app.spec.ts" time="0.558">
</testcase>
<testcase name="Settings Page › should handle form controls" classname="app.spec.ts" time="6.481">
<failure message="app.spec.ts:323:7 should handle form controls" type="FAILURE">
<![CDATA[  [chromium] › app.spec.ts:323:7 › Settings Page › should handle form controls ─────────────────────

    Error: Timed out 5000ms waiting for expect(locator).toHaveCount(expected)

    Locator: locator('.cdk-overlay-container mat-option')
    Expected: 3
    Received: 5
    Call log:
      - expect.toHaveCount with timeout 5000ms
      - waiting for locator('.cdk-overlay-container mat-option')
        9 × locator resolved to 5 elements
          - unexpected value "5"


      324 |     // Test select dropdown
      325 |     await page.click('mat-select');
    > 326 |     await expect(page.locator('.cdk-overlay-container mat-option')).toHaveCount(3);
          |                                                                     ^
      327 |     await page.click('mat-option:has-text("Spanish")');
      328 |     
      329 |     // Test slide toggle
        at C:\Games\AngularApp\angular-material-app\e2e\app.spec.ts:326:69

    attachment #1: screenshot (image/png) ──────────────────────────────────────────────────────────
    playwright-results\app-Settings-Page-should-handle-form-controls-chromium\test-failed-1.png
    ────────────────────────────────────────────────────────────────────────────────────────────────

    attachment #2: video (video/webm) ──────────────────────────────────────────────────────────────
    playwright-results\app-Settings-Page-should-handle-form-controls-chromium\video.webm
    ────────────────────────────────────────────────────────────────────────────────────────────────

    Error Context: ..\playwright-results\app-Settings-Page-should-handle-form-controls-chromium\error-context.md
]]>
</failure>
<system-out>
<![CDATA[
[[ATTACHMENT|..\playwright-results\app-Settings-Page-should-handle-form-controls-chromium\test-failed-1.png]]

[[ATTACHMENT|..\playwright-results\app-Settings-Page-should-handle-form-controls-chromium\video.webm]]

[[ATTACHMENT|..\playwright-results\app-Settings-Page-should-handle-form-controls-chromium\error-context.md]]
]]>
</system-out>
</testcase>
<testcase name="Settings Page › should handle action buttons" classname="app.spec.ts" time="0.764">
</testcase>
<testcase name="Settings Page › should reset settings functionality" classname="app.spec.ts" time="1.322">
<failure message="app.spec.ts:351:7 should reset settings functionality" type="FAILURE">
<![CDATA[  [chromium] › app.spec.ts:351:7 › Settings Page › should reset settings functionality ─────────────

    Error: expect.toBeVisible: Error: strict mode violation: locator('mat-select') resolved to 4 elements:
        1) <mat-select tabindex="0" role="combobox" id="mat-select-0" aria-invalid="false" aria-expanded="false" aria-required="false" aria-disabled="false" aria-haspopup="listbox" _ngcontent-ng-c2716059831="" aria-labelledby="mat-mdc-form-field-label-0" class="mat-mdc-select ng-valid ng-touched ng-dirty">…</mat-select> aka getByRole('combobox', { name: 'Language' })
        2) <mat-select tabindex="0" role="combobox" id="mat-select-1" aria-invalid="false" aria-expanded="false" aria-required="false" aria-disabled="false" aria-haspopup="listbox" _ngcontent-ng-c2716059831="" aria-labelledby="mat-mdc-form-field-label-1" class="mat-mdc-select ng-untouched ng-pristine ng-valid">…</mat-select> aka getByRole('combobox', { name: 'Timezone' })
        3) <mat-select tabindex="0" role="combobox" id="mat-select-2" aria-invalid="false" aria-expanded="false" aria-required="false" aria-disabled="false" aria-haspopup="listbox" _ngcontent-ng-c2716059831="" aria-labelledby="mat-mdc-form-field-label-2" class="mat-mdc-select ng-untouched ng-pristine ng-valid">…</mat-select> aka getByRole('combobox', { name: 'Theme' })
        4) <mat-select tabindex="0" role="combobox" id="mat-select-3" aria-invalid="false" aria-expanded="false" aria-required="false" aria-disabled="false" aria-haspopup="listbox" _ngcontent-ng-c2716059831="" aria-labelledby="mat-mdc-form-field-label-3" class="mat-mdc-select ng-untouched ng-pristine ng-valid">…</mat-select> aka getByRole('combobox', { name: 'Notification Frequency' })

    Call log:
      - expect.toBeVisible with timeout 5000ms
      - waiting for locator('mat-select')


      358 |     
      359 |     // Verify reset (in a real app, you'd check the actual values)
    > 360 |     await expect(page.locator('mat-select')).toBeVisible();
          |                                              ^
      361 |   });
      362 | });
      363 |
        at C:\Games\AngularApp\angular-material-app\e2e\app.spec.ts:360:46

    attachment #1: screenshot (image/png) ──────────────────────────────────────────────────────────
    playwright-results\app-Settings-Page-should-reset-settings-functionality-chromium\test-failed-1.png
    ────────────────────────────────────────────────────────────────────────────────────────────────

    attachment #2: video (video/webm) ──────────────────────────────────────────────────────────────
    playwright-results\app-Settings-Page-should-reset-settings-functionality-chromium\video.webm
    ────────────────────────────────────────────────────────────────────────────────────────────────

    Error Context: ..\playwright-results\app-Settings-Page-should-reset-settings-functionality-chromium\error-context.md
]]>
</failure>
<system-out>
<![CDATA[
[[ATTACHMENT|..\playwright-results\app-Settings-Page-should-reset-settings-functionality-chromium\test-failed-1.png]]

[[ATTACHMENT|..\playwright-results\app-Settings-Page-should-reset-settings-functionality-chromium\video.webm]]

[[ATTACHMENT|..\playwright-results\app-Settings-Page-should-reset-settings-functionality-chromium\error-context.md]]
]]>
</system-out>
</testcase>
<testcase name="Material Design Components › should display Material buttons correctly" classname="app.spec.ts" time="0.886">
<failure message="app.spec.ts:365:7 should display Material buttons correctly" type="FAILURE">
<![CDATA[  [chromium] › app.spec.ts:365:7 › Material Design Components › should display Material buttons correctly 

    Error: expect.toBeVisible: Error: strict mode violation: locator('button[mat-button]') resolved to 9 elements:
        1) <button mat-button="" _ngcontent-ng-c650608222="" mat-ripple-loader-uninitialized="" mat-ripple-loader-class-name="mat-mdc-button-ripple" class="mdc-button mat-mdc-button-base mat-mdc-button mat-unthemed">…</button> aka getByRole('button', { name: 'Learn More' })
        2) <button mat-button="" _ngcontent-ng-c650608222="" mat-ripple-loader-uninitialized="" mat-ripple-loader-class-name="mat-mdc-button-ripple" class="mdc-button mat-mdc-button-base mat-mdc-button mat-unthemed">…</button> aka getByRole('button', { name: 'EXPLORE' }).first()
        3) <button mat-button="" _ngcontent-ng-c650608222="" mat-ripple-loader-uninitialized="" mat-ripple-loader-class-name="mat-mdc-button-ripple" class="mdc-button mat-mdc-button-base mat-mdc-button mat-unthemed">…</button> aka getByRole('button', { name: 'DOCS' }).first()
        4) <button mat-button="" _ngcontent-ng-c650608222="" mat-ripple-loader-uninitialized="" mat-ripple-loader-class-name="mat-mdc-button-ripple" class="mdc-button mat-mdc-button-base mat-mdc-button mat-unthemed">…</button> aka getByRole('button', { name: 'EXPLORE' }).nth(1)
        5) <button mat-button="" _ngcontent-ng-c650608222="" mat-ripple-loader-uninitialized="" mat-ripple-loader-class-name="mat-mdc-button-ripple" class="mdc-button mat-mdc-button-base mat-mdc-button mat-unthemed">…</button> aka getByRole('button', { name: 'DOCS' }).nth(1)
        6) <button mat-button="" _ngcontent-ng-c650608222="" mat-ripple-loader-uninitialized="" mat-ripple-loader-class-name="mat-mdc-button-ripple" class="mdc-button mat-mdc-button-base mat-mdc-button mat-unthemed">…</button> aka getByRole('button', { name: 'EXPLORE' }).nth(2)
        7) <button mat-button="" _ngcontent-ng-c650608222="" mat-ripple-loader-uninitialized="" mat-ripple-loader-class-name="mat-mdc-button-ripple" class="mdc-button mat-mdc-button-base mat-mdc-button mat-unthemed">…</button> aka getByRole('button', { name: 'DOCS' }).nth(2)
        8) <button mat-button="" _ngcontent-ng-c650608222="" mat-ripple-loader-uninitialized="" mat-ripple-loader-class-name="mat-mdc-button-ripple" class="mdc-button mat-mdc-button-base mat-mdc-button mat-unthemed">…</button> aka getByRole('button', { name: 'EXPLORE' }).nth(3)
        9) <button mat-button="" _ngcontent-ng-c650608222="" mat-ripple-loader-uninitialized="" mat-ripple-loader-class-name="mat-mdc-button-ripple" class="mdc-button mat-mdc-button-base mat-mdc-button mat-unthemed">…</button> aka getByRole('button', { name: 'DOCS' }).nth(3)

    Call log:
      - expect.toBeVisible with timeout 5000ms
      - waiting for locator('button[mat-button]')


      367 |     
      368 |     await expect(page.locator('button[mat-raised-button]')).toBeVisible();
    > 369 |     await expect(page.locator('button[mat-button]')).toBeVisible();
          |                                                      ^
      370 |     
      371 |     // Test button click
      372 |     await page.click('button[mat-raised-button]');
        at C:\Games\AngularApp\angular-material-app\e2e\app.spec.ts:369:54

    attachment #1: screenshot (image/png) ──────────────────────────────────────────────────────────
    playwright-results\app-Material-Design-Compon-1c21a--Material-buttons-correctly-chromium\test-failed-1.png
    ────────────────────────────────────────────────────────────────────────────────────────────────

    attachment #2: video (video/webm) ──────────────────────────────────────────────────────────────
    playwright-results\app-Material-Design-Compon-1c21a--Material-buttons-correctly-chromium\video.webm
    ────────────────────────────────────────────────────────────────────────────────────────────────

    Error Context: ..\playwright-results\app-Material-Design-Compon-1c21a--Material-buttons-correctly-chromium\error-context.md
]]>
</failure>
<system-out>
<![CDATA[
[[ATTACHMENT|..\playwright-results\app-Material-Design-Compon-1c21a--Material-buttons-correctly-chromium\test-failed-1.png]]

[[ATTACHMENT|..\playwright-results\app-Material-Design-Compon-1c21a--Material-buttons-correctly-chromium\video.webm]]

[[ATTACHMENT|..\playwright-results\app-Material-Design-Compon-1c21a--Material-buttons-correctly-chromium\error-context.md]]
]]>
</system-out>
</testcase>
<testcase name="Material Design Components › should display Material icons" classname="app.spec.ts" time="0.674">
</testcase>
<testcase name="Material Design Components › should handle Material overlays" classname="app.spec.ts" time="0.86">
<failure message="app.spec.ts:383:7 should handle Material overlays" type="FAILURE">
<![CDATA[  [chromium] › app.spec.ts:383:7 › Material Design Components › should handle Material overlays ────

    Error: expect.toBeVisible: Error: strict mode violation: locator('.cdk-overlay-container mat-option') resolved to 5 elements:
        1) <mat-option role="option" id="mat-option-0" aria-selected="true" aria-disabled="false" _ngcontent-ng-c2716059831="" class="mat-mdc-option mdc-list-item mdc-list-item--selected mat-mdc-option-active">…</mat-option> aka getByRole('option', { name: 'English' })
        2) <mat-option role="option" id="mat-option-1" aria-selected="false" aria-disabled="false" _ngcontent-ng-c2716059831="" class="mat-mdc-option mdc-list-item">…</mat-option> aka getByRole('option', { name: 'Spanish' })
        3) <mat-option role="option" id="mat-option-2" aria-selected="false" aria-disabled="false" _ngcontent-ng-c2716059831="" class="mat-mdc-option mdc-list-item">…</mat-option> aka getByRole('option', { name: 'French' })
        4) <mat-option role="option" id="mat-option-3" aria-selected="false" aria-disabled="false" _ngcontent-ng-c2716059831="" class="mat-mdc-option mdc-list-item">…</mat-option> aka getByRole('option', { name: 'German' })
        5) <mat-option role="option" id="mat-option-4" aria-selected="false" aria-disabled="false" _ngcontent-ng-c2716059831="" class="mat-mdc-option mdc-list-item">…</mat-option> aka getByRole('option', { name: 'Japanese' })

    Call log:
      - expect.toBeVisible with timeout 5000ms
      - waiting for locator('.cdk-overlay-container mat-option')


      386 |     // Open select overlay
      387 |     await page.click('mat-select');
    > 388 |     await expect(page.locator('.cdk-overlay-container mat-option')).toBeVisible();
          |                                                                     ^
      389 |     
      390 |     // Close by clicking outside
      391 |     await page.click('body', { position: { x: 0, y: 0 } });
        at C:\Games\AngularApp\angular-material-app\e2e\app.spec.ts:388:69

    attachment #1: screenshot (image/png) ──────────────────────────────────────────────────────────
    playwright-results\app-Material-Design-Compon-a1173-ld-handle-Material-overlays-chromium\test-failed-1.png
    ────────────────────────────────────────────────────────────────────────────────────────────────

    attachment #2: video (video/webm) ──────────────────────────────────────────────────────────────
    playwright-results\app-Material-Design-Compon-a1173-ld-handle-Material-overlays-chromium\video.webm
    ────────────────────────────────────────────────────────────────────────────────────────────────

    Error Context: ..\playwright-results\app-Material-Design-Compon-a1173-ld-handle-Material-overlays-chromium\error-context.md
]]>
</failure>
<system-out>
<![CDATA[
[[ATTACHMENT|..\playwright-results\app-Material-Design-Compon-a1173-ld-handle-Material-overlays-chromium\test-failed-1.png]]

[[ATTACHMENT|..\playwright-results\app-Material-Design-Compon-a1173-ld-handle-Material-overlays-chromium\video.webm]]

[[ATTACHMENT|..\playwright-results\app-Material-Design-Compon-a1173-ld-handle-Material-overlays-chromium\error-context.md]]
]]>
</system-out>
</testcase>
<testcase name="Material Design Components › should have proper Material theming" classname="app.spec.ts" time="6.149">
<failure message="app.spec.ts:395:7 should have proper Material theming" type="FAILURE">
<![CDATA[  [chromium] › app.spec.ts:395:7 › Material Design Components › should have proper Material theming 

    Error: Timed out 5000ms waiting for expect(locator).toHaveClass(expected)

    Locator: locator('body')
    Expected pattern: /mat-app-background/
    Received string:  "mat-typography"
    Call log:
      - expect.toHaveClass with timeout 5000ms
      - waiting for locator('body')
        8 × locator resolved to <body class="mat-typography">…</body>
          - unexpected value "mat-typography"


      397 |     
      398 |     // Check Material theme classes
    > 399 |     await expect(page.locator('body')).toHaveClass(/mat-app-background/);
          |                                        ^
      400 |     await expect(page.locator('mat-toolbar')).toHaveClass(/mat-toolbar/);
      401 |     await expect(page.locator('mat-card')).toHaveClass(/mat-card/);
      402 |   });
        at C:\Games\AngularApp\angular-material-app\e2e\app.spec.ts:399:40

    attachment #1: screenshot (image/png) ──────────────────────────────────────────────────────────
    playwright-results\app-Material-Design-Compon-009d7-ave-proper-Material-theming-chromium\test-failed-1.png
    ────────────────────────────────────────────────────────────────────────────────────────────────

    attachment #2: video (video/webm) ──────────────────────────────────────────────────────────────
    playwright-results\app-Material-Design-Compon-009d7-ave-proper-Material-theming-chromium\video.webm
    ────────────────────────────────────────────────────────────────────────────────────────────────

    Error Context: ..\playwright-results\app-Material-Design-Compon-009d7-ave-proper-Material-theming-chromium\error-context.md
]]>
</failure>
<system-out>
<![CDATA[
[[ATTACHMENT|..\playwright-results\app-Material-Design-Compon-009d7-ave-proper-Material-theming-chromium\test-failed-1.png]]

[[ATTACHMENT|..\playwright-results\app-Material-Design-Compon-009d7-ave-proper-Material-theming-chromium\video.webm]]

[[ATTACHMENT|..\playwright-results\app-Material-Design-Compon-009d7-ave-proper-Material-theming-chromium\error-context.md]]
]]>
</system-out>
</testcase>
</testsuite>
<testsuite name="mobile-iphone.spec.ts" timestamp="2025-06-04T17:59:15.692Z" hostname="chromium" tests="11" failures="1" skipped="0" time="64.249" errors="0">
<testcase name="iPhone 12 Mobile Tests › should display mobile navigation correctly" classname="mobile-iphone.spec.ts" time="6.595">
</testcase>
<testcase name="iPhone 12 Mobile Tests › should stack dashboard cards vertically" classname="mobile-iphone.spec.ts" time="2.63">
</testcase>
<testcase name="iPhone 12 Mobile Tests › should handle mobile form layout" classname="mobile-iphone.spec.ts" time="2.75">
</testcase>
<testcase name="iPhone 12 Mobile Tests › should display products in mobile grid" classname="mobile-iphone.spec.ts" time="2.383">
</testcase>
<testcase name="iPhone 12 Mobile Tests › should handle mobile settings layout" classname="mobile-iphone.spec.ts" time="2.592">
</testcase>
<testcase name="iPhone 12 Mobile Tests › should handle touch gestures on Material components" classname="mobile-iphone.spec.ts" time="31.245">
<failure message="mobile-iphone.spec.ts:65:7 should handle touch gestures on Material components" type="FAILURE">
<![CDATA[  [chromium] › mobile-iphone.spec.ts:65:7 › iPhone 12 Mobile Tests › should handle touch gestures on Material components 

    Test timeout of 30000ms exceeded.

    Error: locator.hover: Test timeout of 30000ms exceeded.
    Call log:
      - waiting for locator('.product-grid')


      67 |     
      68 |     // Test touch scrolling
    > 69 |     await page.locator('.product-grid').hover();
         |                                         ^
      70 |     
      71 |     // Test touch on Material select
      72 |     await page.click('mat-select');
        at C:\Games\AngularApp\angular-material-app\e2e\mobile-iphone.spec.ts:69:41

    attachment #1: screenshot (image/png) ──────────────────────────────────────────────────────────
    playwright-results\mobile-iphone-iPhone-12-Mo-38ddf-ures-on-Material-components-chromium\test-failed-1.png
    ────────────────────────────────────────────────────────────────────────────────────────────────

    attachment #2: video (video/webm) ──────────────────────────────────────────────────────────────
    playwright-results\mobile-iphone-iPhone-12-Mo-38ddf-ures-on-Material-components-chromium\video.webm
    ────────────────────────────────────────────────────────────────────────────────────────────────

    Error Context: ..\playwright-results\mobile-iphone-iPhone-12-Mo-38ddf-ures-on-Material-components-chromium\error-context.md
]]>
</failure>
<system-out>
<![CDATA[
[[ATTACHMENT|..\playwright-results\mobile-iphone-iPhone-12-Mo-38ddf-ures-on-Material-components-chromium\test-failed-1.png]]

[[ATTACHMENT|..\playwright-results\mobile-iphone-iPhone-12-Mo-38ddf-ures-on-Material-components-chromium\video.webm]]

[[ATTACHMENT|..\playwright-results\mobile-iphone-iPhone-12-Mo-38ddf-ures-on-Material-components-chromium\error-context.md]]
]]>
</system-out>
</testcase>
<testcase name="iPhone 12 Mobile Tests › should handle touch interactions with toggles and sliders" classname="mobile-iphone.spec.ts" time="2.637">
</testcase>
<testcase name="iPhone 12 Mobile Tests › should handle touch navigation" classname="mobile-iphone.spec.ts" time="6.099">
</testcase>
<testcase name="iPhone 12 Mobile Tests › should have proper touch targets" classname="mobile-iphone.spec.ts" time="2.654">
</testcase>
<testcase name="iPhone 12 Mobile Tests › should have readable text sizes" classname="mobile-iphone.spec.ts" time="2.251">
</testcase>
<testcase name="iPhone 12 Mobile Tests › should handle focus management" classname="mobile-iphone.spec.ts" time="2.413">
</testcase>
</testsuite>
<testsuite name="mobile.spec.ts" timestamp="2025-06-04T17:59:15.692Z" hostname="chromium" tests="7" failures="1" skipped="0" time="36.427" errors="0">
<testcase name="Cross-Device Navigation › should maintain navigation state across viewport changes" classname="mobile.spec.ts" time="1.111">
</testcase>
<testcase name="Cross-Device Navigation › should handle form interactions across devices" classname="mobile.spec.ts" time="1.175">
</testcase>
<testcase name="Orientation Changes › should handle portrait to landscape orientation" classname="mobile.spec.ts" time="0.953">
</testcase>
<testcase name="Orientation Changes › should maintain functionality in landscape mode" classname="mobile.spec.ts" time="30.155">
<failure message="mobile.spec.ts:56:7 should maintain functionality in landscape mode" type="FAILURE">
<![CDATA[  [chromium] › mobile.spec.ts:56:7 › Orientation Changes › should maintain functionality in landscape mode 

    Test timeout of 30000ms exceeded.

    Error: page.click: Test timeout of 30000ms exceeded.
    Call log:
      - waiting for locator('mat-tab:has-text("Security")')


      63 |     
      64 |     // Tab navigation should work
    > 65 |     await page.click('mat-tab:has-text("Security")');
         |                ^
      66 |     await expect(page.locator('.security-form-card')).toBeVisible();
      67 |   });
      68 | });
        at C:\Games\AngularApp\angular-material-app\e2e\mobile.spec.ts:65:16

    attachment #1: screenshot (image/png) ──────────────────────────────────────────────────────────
    playwright-results\mobile-Orientation-Changes-b6d6e-tionality-in-landscape-mode-chromium\test-failed-1.png
    ────────────────────────────────────────────────────────────────────────────────────────────────

    attachment #2: video (video/webm) ──────────────────────────────────────────────────────────────
    playwright-results\mobile-Orientation-Changes-b6d6e-tionality-in-landscape-mode-chromium\video.webm
    ────────────────────────────────────────────────────────────────────────────────────────────────

    Error Context: ..\playwright-results\mobile-Orientation-Changes-b6d6e-tionality-in-landscape-mode-chromium\error-context.md
]]>
</failure>
<system-out>
<![CDATA[
[[ATTACHMENT|..\playwright-results\mobile-Orientation-Changes-b6d6e-tionality-in-landscape-mode-chromium\test-failed-1.png]]

[[ATTACHMENT|..\playwright-results\mobile-Orientation-Changes-b6d6e-tionality-in-landscape-mode-chromium\video.webm]]

[[ATTACHMENT|..\playwright-results\mobile-Orientation-Changes-b6d6e-tionality-in-landscape-mode-chromium\error-context.md]]
]]>
</system-out>
</testcase>
<testcase name="Responsive Design Tests › should show mobile menu button on small screens" classname="mobile.spec.ts" time="0.705">
</testcase>
<testcase name="Responsive Design Tests › should adapt dashboard layout for different screen sizes" classname="mobile.spec.ts" time="0.678">
</testcase>
<testcase name="Responsive Design Tests › should handle products grid responsively" classname="mobile.spec.ts" time="1.65">
</testcase>
</testsuite>
<testsuite name="app.spec.ts" timestamp="2025-06-04T17:59:15.692Z" hostname="firefox" tests="32" failures="16" skipped="0" time="303.578" errors="0">
<testcase name="Angular Material App › should load the application successfully" classname="app.spec.ts" time="4.161">
</testcase>
<testcase name="Angular Material App › should navigate between pages correctly" classname="app.spec.ts" time="6.315">
</testcase>
<testcase name="Angular Material App › should highlight active navigation items" classname="app.spec.ts" time="5.376">
</testcase>
<testcase name="Angular Material App › should be responsive" classname="app.spec.ts" time="4.581">
</testcase>
<testcase name="Home Page › should display welcome content" classname="app.spec.ts" time="4.512">
</testcase>
<testcase name="Home Page › should display technology chips" classname="app.spec.ts" time="9.391">
<failure message="app.spec.ts:75:7 should display technology chips" type="FAILURE">
<![CDATA[  [firefox] › app.spec.ts:75:7 › Home Page › should display technology chips ───────────────────────

    Error: Timed out 5000ms waiting for expect(locator).toHaveCount(expected)

    Locator: locator('.tech-chips mat-chip')
    Expected: 4
    Received: 5
    Call log:
      - expect.toHaveCount with timeout 5000ms
      - waiting for locator('.tech-chips mat-chip')
        9 × locator resolved to 5 elements
          - unexpected value "5"


      74 |
      75 |   test('should display technology chips', async ({ page }) => {
    > 76 |     await expect(page.locator('.tech-chips mat-chip')).toHaveCount(4);
         |                                                        ^
      77 |     await expect(page.locator('mat-chip:has-text("Angular")')).toBeVisible();
      78 |     await expect(page.locator('mat-chip:has-text("Material")')).toBeVisible();
      79 |     await expect(page.locator('mat-chip:has-text("TypeScript")')).toBeVisible();
        at C:\Games\AngularApp\angular-material-app\e2e\app.spec.ts:76:56

    attachment #1: screenshot (image/png) ──────────────────────────────────────────────────────────
    playwright-results\app-Home-Page-should-display-technology-chips-firefox\test-failed-1.png
    ────────────────────────────────────────────────────────────────────────────────────────────────

    attachment #2: video (video/webm) ──────────────────────────────────────────────────────────────
    playwright-results\app-Home-Page-should-display-technology-chips-firefox\video.webm
    ────────────────────────────────────────────────────────────────────────────────────────────────

    Error Context: ..\playwright-results\app-Home-Page-should-display-technology-chips-firefox\error-context.md
]]>
</failure>
<system-out>
<![CDATA[
[[ATTACHMENT|..\playwright-results\app-Home-Page-should-display-technology-chips-firefox\test-failed-1.png]]

[[ATTACHMENT|..\playwright-results\app-Home-Page-should-display-technology-chips-firefox\video.webm]]

[[ATTACHMENT|..\playwright-results\app-Home-Page-should-display-technology-chips-firefox\error-context.md]]
]]>
</system-out>
</testcase>
<testcase name="Home Page › should handle tab navigation" classname="app.spec.ts" time="8.266">
<failure message="app.spec.ts:83:7 should handle tab navigation" type="FAILURE">
<![CDATA[  [firefox] › app.spec.ts:83:7 › Home Page › should handle tab navigation ──────────────────────────

    Error: Timed out 5000ms waiting for expect(locator).toBeVisible()

    Locator: locator('.features-content')
    Expected: visible
    Received: <element(s) not found>
    Call log:
      - expect.toBeVisible with timeout 5000ms
      - waiting for locator('.features-content')


      83 |   test('should handle tab navigation', async ({ page }) => {
      84 |     // Check initial tab
    > 85 |     await expect(page.locator('.features-content')).toBeVisible();
         |                                                     ^
      86 |
      87 |     // Switch to Components tab
      88 |     await page.click('mat-tab:has-text("Components")');
        at C:\Games\AngularApp\angular-material-app\e2e\app.spec.ts:85:53

    attachment #1: screenshot (image/png) ──────────────────────────────────────────────────────────
    playwright-results\app-Home-Page-should-handle-tab-navigation-firefox\test-failed-1.png
    ────────────────────────────────────────────────────────────────────────────────────────────────

    attachment #2: video (video/webm) ──────────────────────────────────────────────────────────────
    playwright-results\app-Home-Page-should-handle-tab-navigation-firefox\video.webm
    ────────────────────────────────────────────────────────────────────────────────────────────────

    Error Context: ..\playwright-results\app-Home-Page-should-handle-tab-navigation-firefox\error-context.md
]]>
</failure>
<system-out>
<![CDATA[
[[ATTACHMENT|..\playwright-results\app-Home-Page-should-handle-tab-navigation-firefox\test-failed-1.png]]

[[ATTACHMENT|..\playwright-results\app-Home-Page-should-handle-tab-navigation-firefox\video.webm]]

[[ATTACHMENT|..\playwright-results\app-Home-Page-should-handle-tab-navigation-firefox\error-context.md]]
]]>
</system-out>
</testcase>
<testcase name="Home Page › should display feature cards with progress bars" classname="app.spec.ts" time="8.444">
<failure message="app.spec.ts:96:7 should display feature cards with progress bars" type="FAILURE">
<![CDATA[  [firefox] › app.spec.ts:96:7 › Home Page › should display feature cards with progress bars ───────

    Error: Timed out 5000ms waiting for expect(locator).toHaveAttribute()

    Locator: locator('.feature-card mat-progress-bar').first()
    Expected: have attribute
    Received: attribute not present
    Call log:
      - expect.toHaveAttribute with timeout 5000ms
      - waiting for locator('.feature-card mat-progress-bar').first()
        9 × locator resolved to <mat-progress-bar tabindex="-1" aria-valuemin="0" role="progressbar" mode="determinate" aria-valuenow="90" aria-valuemax="100" _ngcontent-ng-c650608222="" class="mat-mdc-progress-bar mdc-linear-progress mat-primary mdc-linear-progress--animation-ready">…</mat-progress-bar>
          - unexpected value "attribute not present"


      104 |     const progressBars = page.locator('.feature-card mat-progress-bar');
      105 |     for (let i = 0; i < await progressBars.count(); i++) {
    > 106 |       await expect(progressBars.nth(i)).toHaveAttribute('value');
          |                                         ^
      107 |     }
      108 |   });
      109 | });
        at C:\Games\AngularApp\angular-material-app\e2e\app.spec.ts:106:41

    attachment #1: screenshot (image/png) ──────────────────────────────────────────────────────────
    playwright-results\app-Home-Page-should-displ-13962-re-cards-with-progress-bars-firefox\test-failed-1.png
    ────────────────────────────────────────────────────────────────────────────────────────────────

    attachment #2: video (video/webm) ──────────────────────────────────────────────────────────────
    playwright-results\app-Home-Page-should-displ-13962-re-cards-with-progress-bars-firefox\video.webm
    ────────────────────────────────────────────────────────────────────────────────────────────────

    Error Context: ..\playwright-results\app-Home-Page-should-displ-13962-re-cards-with-progress-bars-firefox\error-context.md
]]>
</failure>
<system-out>
<![CDATA[
[[ATTACHMENT|..\playwright-results\app-Home-Page-should-displ-13962-re-cards-with-progress-bars-firefox\test-failed-1.png]]

[[ATTACHMENT|..\playwright-results\app-Home-Page-should-displ-13962-re-cards-with-progress-bars-firefox\video.webm]]

[[ATTACHMENT|..\playwright-results\app-Home-Page-should-displ-13962-re-cards-with-progress-bars-firefox\error-context.md]]
]]>
</system-out>
</testcase>
<testcase name="Dashboard Page › should display statistics cards" classname="app.spec.ts" time="3.632">
</testcase>
<testcase name="Dashboard Page › should display project progress section" classname="app.spec.ts" time="3.367">
</testcase>
<testcase name="Dashboard Page › should display recent activities" classname="app.spec.ts" time="8.367">
<failure message="app.spec.ts:140:7 should display recent activities" type="FAILURE">
<![CDATA[  [firefox] › app.spec.ts:140:7 › Dashboard Page › should display recent activities ────────────────

    Error: Timed out 5000ms waiting for expect(locator).toHaveCount(expected)

    Locator: locator('mat-list-item')
    Expected: 5
    Received: 4
    Call log:
      - expect.toHaveCount with timeout 5000ms
      - waiting for locator('mat-list-item')
        9 × locator resolved to 4 elements
          - unexpected value "4"


      143 |     
      144 |     const activities = page.locator('mat-list-item');
    > 145 |     await expect(activities).toHaveCount(5);
          |                              ^
      146 |     
      147 |     // Check each activity has an icon and timestamp
      148 |     for (let i = 0; i < await activities.count(); i++) {
        at C:\Games\AngularApp\angular-material-app\e2e\app.spec.ts:145:30

    attachment #1: screenshot (image/png) ──────────────────────────────────────────────────────────
    playwright-results\app-Dashboard-Page-should-display-recent-activities-firefox\test-failed-1.png
    ────────────────────────────────────────────────────────────────────────────────────────────────

    attachment #2: video (video/webm) ──────────────────────────────────────────────────────────────
    playwright-results\app-Dashboard-Page-should-display-recent-activities-firefox\video.webm
    ────────────────────────────────────────────────────────────────────────────────────────────────

    Error Context: ..\playwright-results\app-Dashboard-Page-should-display-recent-activities-firefox\error-context.md
]]>
</failure>
<system-out>
<![CDATA[
[[ATTACHMENT|..\playwright-results\app-Dashboard-Page-should-display-recent-activities-firefox\test-failed-1.png]]

[[ATTACHMENT|..\playwright-results\app-Dashboard-Page-should-display-recent-activities-firefox\video.webm]]

[[ATTACHMENT|..\playwright-results\app-Dashboard-Page-should-display-recent-activities-firefox\error-context.md]]
]]>
</system-out>
</testcase>
<testcase name="Dashboard Page › should display quick actions" classname="app.spec.ts" time="30.307">
<failure message="app.spec.ts:154:7 should display quick actions" type="FAILURE">
<![CDATA[  [firefox] › app.spec.ts:154:7 › Dashboard Page › should display quick actions ────────────────────

    Test timeout of 30000ms exceeded.

    Error: page.click: Test timeout of 30000ms exceeded.
    Call log:
      - waiting for locator('.action-button:has-text("Create New")')


      157 |     
      158 |     // Test action button clicks
    > 159 |     await page.click('.action-button:has-text("Create New")');
          |                ^
      160 |     // In a real app, this might open a dialog or navigate somewhere
      161 |   });
      162 | });
        at C:\Games\AngularApp\angular-material-app\e2e\app.spec.ts:159:16

    attachment #1: screenshot (image/png) ──────────────────────────────────────────────────────────
    playwright-results\app-Dashboard-Page-should-display-quick-actions-firefox\test-failed-1.png
    ────────────────────────────────────────────────────────────────────────────────────────────────

    attachment #2: video (video/webm) ──────────────────────────────────────────────────────────────
    playwright-results\app-Dashboard-Page-should-display-quick-actions-firefox\video.webm
    ────────────────────────────────────────────────────────────────────────────────────────────────

    Error Context: ..\playwright-results\app-Dashboard-Page-should-display-quick-actions-firefox\error-context.md
]]>
</failure>
<system-out>
<![CDATA[
[[ATTACHMENT|..\playwright-results\app-Dashboard-Page-should-display-quick-actions-firefox\test-failed-1.png]]

[[ATTACHMENT|..\playwright-results\app-Dashboard-Page-should-display-quick-actions-firefox\video.webm]]

[[ATTACHMENT|..\playwright-results\app-Dashboard-Page-should-display-quick-actions-firefox\error-context.md]]
]]>
</system-out>
</testcase>
<testcase name="Products Page › should display filters and search" classname="app.spec.ts" time="3.301">
</testcase>
<testcase name="Products Page › should display product cards" classname="app.spec.ts" time="8.359">
<failure message="app.spec.ts:175:7 should display product cards" type="FAILURE">
<![CDATA[  [firefox] › app.spec.ts:175:7 › Products Page › should display product cards ─────────────────────

    Error: Timed out 5000ms waiting for expect(locator).toHaveCount(expected)

    Locator: locator('.product-card').first().locator('mat-chip')
    Expected: 2
    Received: 3
    Call log:
      - expect.toHaveCount with timeout 5000ms
      - waiting for locator('.product-card').first().locator('mat-chip')
        9 × locator resolved to 3 elements
          - unexpected value "3"


      182 |       await expect(productCards.nth(i).locator('.price')).toBeVisible();
      183 |       await expect(productCards.nth(i).locator('.rating-section')).toBeVisible();
    > 184 |       await expect(productCards.nth(i).locator('mat-chip')).toHaveCount(2);
          |                                                             ^
      185 |     }
      186 |   });
      187 |
        at C:\Games\AngularApp\angular-material-app\e2e\app.spec.ts:184:61

    attachment #1: screenshot (image/png) ──────────────────────────────────────────────────────────
    playwright-results\app-Products-Page-should-display-product-cards-firefox\test-failed-1.png
    ────────────────────────────────────────────────────────────────────────────────────────────────

    attachment #2: video (video/webm) ──────────────────────────────────────────────────────────────
    playwright-results\app-Products-Page-should-display-product-cards-firefox\video.webm
    ────────────────────────────────────────────────────────────────────────────────────────────────

    Error Context: ..\playwright-results\app-Products-Page-should-display-product-cards-firefox\error-context.md
]]>
</failure>
<system-out>
<![CDATA[
[[ATTACHMENT|..\playwright-results\app-Products-Page-should-display-product-cards-firefox\test-failed-1.png]]

[[ATTACHMENT|..\playwright-results\app-Products-Page-should-display-product-cards-firefox\video.webm]]

[[ATTACHMENT|..\playwright-results\app-Products-Page-should-display-product-cards-firefox\error-context.md]]
]]>
</system-out>
</testcase>
<testcase name="Products Page › should filter products by search" classname="app.spec.ts" time="5.527">
</testcase>
<testcase name="Products Page › should filter products by category" classname="app.spec.ts" time="9.468">
<failure message="app.spec.ts:205:7 should filter products by category" type="FAILURE">
<![CDATA[  [firefox] › app.spec.ts:205:7 › Products Page › should filter products by category ───────────────

    Error: Timed out 5000ms waiting for expect(locator).toContainText(expected)

    Locator: locator('.results-info')
    Expected string: "Web Development"
    Received string: "3 products found"
    Call log:
      - expect.toContainText with timeout 5000ms
      - waiting for locator('.results-info')
        9 × locator resolved to <div class="results-info" _ngcontent-ng-c3230147431="">…</div>
          - unexpected value "3 products found"


      211 |     
      212 |     await expect(page.locator('.results-info')).toBeVisible();
    > 213 |     await expect(page.locator('.results-info')).toContainText('Web Development');
          |                                                 ^
      214 |   });
      215 |
      216 |   test('should display star ratings correctly', async ({ page }) => {
        at C:\Games\AngularApp\angular-material-app\e2e\app.spec.ts:213:49

    attachment #1: screenshot (image/png) ──────────────────────────────────────────────────────────
    playwright-results\app-Products-Page-should-filter-products-by-category-firefox\test-failed-1.png
    ────────────────────────────────────────────────────────────────────────────────────────────────

    attachment #2: video (video/webm) ──────────────────────────────────────────────────────────────
    playwright-results\app-Products-Page-should-filter-products-by-category-firefox\video.webm
    ────────────────────────────────────────────────────────────────────────────────────────────────

    Error Context: ..\playwright-results\app-Products-Page-should-filter-products-by-category-firefox\error-context.md
]]>
</failure>
<system-out>
<![CDATA[
[[ATTACHMENT|..\playwright-results\app-Products-Page-should-filter-products-by-category-firefox\test-failed-1.png]]

[[ATTACHMENT|..\playwright-results\app-Products-Page-should-filter-products-by-category-firefox\video.webm]]

[[ATTACHMENT|..\playwright-results\app-Products-Page-should-filter-products-by-category-firefox\error-context.md]]
]]>
</system-out>
</testcase>
<testcase name="Products Page › should display star ratings correctly" classname="app.spec.ts" time="4.944">
</testcase>
<testcase name="Products Page › should handle no results state" classname="app.spec.ts" time="6.549">
</testcase>
<testcase name="Profile Page › should display profile tabs" classname="app.spec.ts" time="11.328">
<failure message="app.spec.ts:244:7 should display profile tabs" type="FAILURE">
<![CDATA[  [firefox] › app.spec.ts:244:7 › Profile Page › should display profile tabs ───────────────────────

    Error: Timed out 5000ms waiting for expect(locator).toBeVisible()

    Locator: locator('mat-tab:has-text("Profile")')
    Expected: visible
    Received: <element(s) not found>
    Call log:
      - expect.toBeVisible with timeout 5000ms
      - waiting for locator('mat-tab:has-text("Profile")')


      244 |   test('should display profile tabs', async ({ page }) => {
      245 |     await expect(page.locator('mat-tab-group')).toBeVisible();
    > 246 |     await expect(page.locator('mat-tab:has-text("Profile")')).toBeVisible();
          |                                                               ^
      247 |     await expect(page.locator('mat-tab:has-text("Security")')).toBeVisible();
      248 |     await expect(page.locator('mat-tab:has-text("Preferences")')).toBeVisible();
      249 |   });
        at C:\Games\AngularApp\angular-material-app\e2e\app.spec.ts:246:63

    attachment #1: screenshot (image/png) ──────────────────────────────────────────────────────────
    playwright-results\app-Profile-Page-should-display-profile-tabs-firefox\test-failed-1.png
    ────────────────────────────────────────────────────────────────────────────────────────────────

    attachment #2: video (video/webm) ──────────────────────────────────────────────────────────────
    playwright-results\app-Profile-Page-should-display-profile-tabs-firefox\video.webm
    ────────────────────────────────────────────────────────────────────────────────────────────────

    Error Context: ..\playwright-results\app-Profile-Page-should-display-profile-tabs-firefox\error-context.md
]]>
</failure>
<system-out>
<![CDATA[
[[ATTACHMENT|..\playwright-results\app-Profile-Page-should-display-profile-tabs-firefox\test-failed-1.png]]

[[ATTACHMENT|..\playwright-results\app-Profile-Page-should-display-profile-tabs-firefox\video.webm]]

[[ATTACHMENT|..\playwright-results\app-Profile-Page-should-display-profile-tabs-firefox\error-context.md]]
]]>
</system-out>
</testcase>
<testcase name="Profile Page › should display and validate profile form" classname="app.spec.ts" time="7.095">
</testcase>
<testcase name="Profile Page › should display avatar section" classname="app.spec.ts" time="6.59">
</testcase>
<testcase name="Profile Page › should handle security tab" classname="app.spec.ts" time="30.315">
<failure message="app.spec.ts:273:7 should handle security tab" type="FAILURE">
<![CDATA[  [firefox] › app.spec.ts:273:7 › Profile Page › should handle security tab ────────────────────────

    Test timeout of 30000ms exceeded.

    Error: page.click: Test timeout of 30000ms exceeded.
    Call log:
      - waiting for locator('mat-tab:has-text("Security")')


      272 |
      273 |   test('should handle security tab', async ({ page }) => {
    > 274 |     await page.click('mat-tab:has-text("Security")');
          |                ^
      275 |     await expect(page.locator('.security-form-card')).toBeVisible();
      276 |     await expect(page.locator('input[formControlName="currentPassword"]')).toBeVisible();
      277 |     await expect(page.locator('input[formControlName="newPassword"]')).toBeVisible();
        at C:\Games\AngularApp\angular-material-app\e2e\app.spec.ts:274:16

    attachment #1: screenshot (image/png) ──────────────────────────────────────────────────────────
    playwright-results\app-Profile-Page-should-handle-security-tab-firefox\test-failed-1.png
    ────────────────────────────────────────────────────────────────────────────────────────────────

    attachment #2: video (video/webm) ──────────────────────────────────────────────────────────────
    playwright-results\app-Profile-Page-should-handle-security-tab-firefox\video.webm
    ────────────────────────────────────────────────────────────────────────────────────────────────

    Error Context: ..\playwright-results\app-Profile-Page-should-handle-security-tab-firefox\error-context.md
]]>
</failure>
<system-out>
<![CDATA[
[[ATTACHMENT|..\playwright-results\app-Profile-Page-should-handle-security-tab-firefox\test-failed-1.png]]

[[ATTACHMENT|..\playwright-results\app-Profile-Page-should-handle-security-tab-firefox\video.webm]]

[[ATTACHMENT|..\playwright-results\app-Profile-Page-should-handle-security-tab-firefox\error-context.md]]
]]>
</system-out>
</testcase>
<testcase name="Profile Page › should handle preferences tab with toggles" classname="app.spec.ts" time="30.566">
<failure message="app.spec.ts:281:7 should handle preferences tab with toggles" type="FAILURE">
<![CDATA[  [firefox] › app.spec.ts:281:7 › Profile Page › should handle preferences tab with toggles ────────

    Test timeout of 30000ms exceeded.

    Error: page.click: Test timeout of 30000ms exceeded.
    Call log:
      - waiting for locator('mat-tab:has-text("Preferences")')


      280 |
      281 |   test('should handle preferences tab with toggles', async ({ page }) => {
    > 282 |     await page.click('mat-tab:has-text("Preferences")');
          |                ^
      283 |     
      284 |     const slideToggles = page.locator('mat-slide-toggle');
      285 |     await expect(slideToggles).toHaveCount(4);
        at C:\Games\AngularApp\angular-material-app\e2e\app.spec.ts:282:16

    attachment #1: screenshot (image/png) ──────────────────────────────────────────────────────────
    playwright-results\app-Profile-Page-should-handle-preferences-tab-with-toggles-firefox\test-failed-1.png
    ────────────────────────────────────────────────────────────────────────────────────────────────

    attachment #2: video (video/webm) ──────────────────────────────────────────────────────────────
    playwright-results\app-Profile-Page-should-handle-preferences-tab-with-toggles-firefox\video.webm
    ────────────────────────────────────────────────────────────────────────────────────────────────

    Error Context: ..\playwright-results\app-Profile-Page-should-handle-preferences-tab-with-toggles-firefox\error-context.md
]]>
</failure>
<system-out>
<![CDATA[
[[ATTACHMENT|..\playwright-results\app-Profile-Page-should-handle-preferences-tab-with-toggles-firefox\test-failed-1.png]]

[[ATTACHMENT|..\playwright-results\app-Profile-Page-should-handle-preferences-tab-with-toggles-firefox\video.webm]]

[[ATTACHMENT|..\playwright-results\app-Profile-Page-should-handle-preferences-tab-with-toggles-firefox\error-context.md]]
]]>
</system-out>
</testcase>
<testcase name="Profile Page › should display and manage skill chips" classname="app.spec.ts" time="30.294">
<failure message="app.spec.ts:298:7 should display and manage skill chips" type="FAILURE">
<![CDATA[  [firefox] › app.spec.ts:298:7 › Profile Page › should display and manage skill chips ─────────────

    Test timeout of 30000ms exceeded.

    Error: page.click: Test timeout of 30000ms exceeded.
    Call log:
      - waiting for locator('mat-tab:has-text("Preferences")')


      297 |
      298 |   test('should display and manage skill chips', async ({ page }) => {
    > 299 |     await page.click('mat-tab:has-text("Preferences")');
          |                ^
      300 |     
      301 |     const skillChips = page.locator('.skill-chip');
      302 |     await expect(skillChips).toHaveCount(5);
        at C:\Games\AngularApp\angular-material-app\e2e\app.spec.ts:299:16

    attachment #1: screenshot (image/png) ──────────────────────────────────────────────────────────
    playwright-results\app-Profile-Page-should-display-and-manage-skill-chips-firefox\test-failed-1.png
    ────────────────────────────────────────────────────────────────────────────────────────────────

    attachment #2: video (video/webm) ──────────────────────────────────────────────────────────────
    playwright-results\app-Profile-Page-should-display-and-manage-skill-chips-firefox\video.webm
    ────────────────────────────────────────────────────────────────────────────────────────────────

    Error Context: ..\playwright-results\app-Profile-Page-should-display-and-manage-skill-chips-firefox\error-context.md
]]>
</failure>
<system-out>
<![CDATA[
[[ATTACHMENT|..\playwright-results\app-Profile-Page-should-display-and-manage-skill-chips-firefox\test-failed-1.png]]

[[ATTACHMENT|..\playwright-results\app-Profile-Page-should-display-and-manage-skill-chips-firefox\video.webm]]

[[ATTACHMENT|..\playwright-results\app-Profile-Page-should-display-and-manage-skill-chips-firefox\error-context.md]]
]]>
</system-out>
</testcase>
<testcase name="Settings Page › should display settings categories" classname="app.spec.ts" time="5.014">
</testcase>
<testcase name="Settings Page › should handle form controls" classname="app.spec.ts" time="11.789">
<failure message="app.spec.ts:323:7 should handle form controls" type="FAILURE">
<![CDATA[  [firefox] › app.spec.ts:323:7 › Settings Page › should handle form controls ──────────────────────

    Error: Timed out 5000ms waiting for expect(locator).toHaveCount(expected)

    Locator: locator('.cdk-overlay-container mat-option')
    Expected: 3
    Received: 5
    Call log:
      - expect.toHaveCount with timeout 5000ms
      - waiting for locator('.cdk-overlay-container mat-option')
        8 × locator resolved to 5 elements
          - unexpected value "5"


      324 |     // Test select dropdown
      325 |     await page.click('mat-select');
    > 326 |     await expect(page.locator('.cdk-overlay-container mat-option')).toHaveCount(3);
          |                                                                     ^
      327 |     await page.click('mat-option:has-text("Spanish")');
      328 |     
      329 |     // Test slide toggle
        at C:\Games\AngularApp\angular-material-app\e2e\app.spec.ts:326:69

    attachment #1: screenshot (image/png) ──────────────────────────────────────────────────────────
    playwright-results\app-Settings-Page-should-handle-form-controls-firefox\test-failed-1.png
    ────────────────────────────────────────────────────────────────────────────────────────────────

    attachment #2: video (video/webm) ──────────────────────────────────────────────────────────────
    playwright-results\app-Settings-Page-should-handle-form-controls-firefox\video.webm
    ────────────────────────────────────────────────────────────────────────────────────────────────

    Error Context: ..\playwright-results\app-Settings-Page-should-handle-form-controls-firefox\error-context.md
]]>
</failure>
<system-out>
<![CDATA[
[[ATTACHMENT|..\playwright-results\app-Settings-Page-should-handle-form-controls-firefox\test-failed-1.png]]

[[ATTACHMENT|..\playwright-results\app-Settings-Page-should-handle-form-controls-firefox\video.webm]]

[[ATTACHMENT|..\playwright-results\app-Settings-Page-should-handle-form-controls-firefox\error-context.md]]
]]>
</system-out>
</testcase>
<testcase name="Settings Page › should handle action buttons" classname="app.spec.ts" time="4.853">
</testcase>
<testcase name="Settings Page › should reset settings functionality" classname="app.spec.ts" time="6.063">
<failure message="app.spec.ts:351:7 should reset settings functionality" type="FAILURE">
<![CDATA[  [firefox] › app.spec.ts:351:7 › Settings Page › should reset settings functionality ──────────────

    Error: expect.toBeVisible: Error: strict mode violation: locator('mat-select') resolved to 4 elements:
        1) <mat-select tabindex="0" role="combobox" id="mat-select-0" aria-invalid="false" aria-expanded="false" aria-required="false" aria-disabled="false" aria-haspopup="listbox" _ngcontent-ng-c2716059831="" aria-labelledby="mat-mdc-form-field-label-0" class="mat-mdc-select ng-valid ng-touched ng-dirty">…</mat-select> aka getByRole('combobox', { name: 'Language' })
        2) <mat-select tabindex="0" role="combobox" id="mat-select-1" aria-invalid="false" aria-expanded="false" aria-required="false" aria-disabled="false" aria-haspopup="listbox" _ngcontent-ng-c2716059831="" aria-labelledby="mat-mdc-form-field-label-1" class="mat-mdc-select ng-untouched ng-pristine ng-valid">…</mat-select> aka getByRole('combobox', { name: 'Timezone' })
        3) <mat-select tabindex="0" role="combobox" id="mat-select-2" aria-invalid="false" aria-expanded="false" aria-required="false" aria-disabled="false" aria-haspopup="listbox" _ngcontent-ng-c2716059831="" aria-labelledby="mat-mdc-form-field-label-2" class="mat-mdc-select ng-untouched ng-pristine ng-valid">…</mat-select> aka getByRole('combobox', { name: 'Theme' })
        4) <mat-select tabindex="0" role="combobox" id="mat-select-3" aria-invalid="false" aria-expanded="false" aria-required="false" aria-disabled="false" aria-haspopup="listbox" _ngcontent-ng-c2716059831="" aria-labelledby="mat-mdc-form-field-label-3" class="mat-mdc-select ng-untouched ng-pristine ng-valid">…</mat-select> aka getByRole('combobox', { name: 'Notification Frequency' })

    Call log:
      - expect.toBeVisible with timeout 5000ms
      - waiting for locator('mat-select')


      358 |     
      359 |     // Verify reset (in a real app, you'd check the actual values)
    > 360 |     await expect(page.locator('mat-select')).toBeVisible();
          |                                              ^
      361 |   });
      362 | });
      363 |
[...]
    ────────────────────────────────────────────────────────────────────────────────────────────────

    attachment #2: video (video/webm) ──────────────────────────────────────────────────────────────
    playwright-results\app-Settings-Page-should-reset-settings-functionality-Google-Chrome\video.webm
    ────────────────────────────────────────────────────────────────────────────────────────────────

    Error Context: ..\playwright-results\app-Settings-Page-should-reset-settings-functionality-Google-Chrome\error-context.md
]]>
</failure>
<system-out>
<![CDATA[
[[ATTACHMENT|..\playwright-results\app-Settings-Page-should-reset-settings-functionality-Google-Chrome\test-failed-1.png]]

[[ATTACHMENT|..\playwright-results\app-Settings-Page-should-reset-settings-functionality-Google-Chrome\video.webm]]

[[ATTACHMENT|..\playwright-results\app-Settings-Page-should-reset-settings-functionality-Google-Chrome\error-context.md]]
]]>
</system-out>
</testcase>
<testcase name="Material Design Components › should display Material buttons correctly" classname="app.spec.ts" time="0.96">
<failure message="app.spec.ts:365:7 should display Material buttons correctly" type="FAILURE">
<![CDATA[  [Google Chrome] › app.spec.ts:365:7 › Material Design Components › should display Material buttons correctly 

    Error: expect.toBeVisible: Error: strict mode violation: locator('button[mat-button]') resolved to 9 elements:
        1) <button mat-button="" _ngcontent-ng-c650608222="" mat-ripple-loader-uninitialized="" mat-ripple-loader-class-name="mat-mdc-button-ripple" class="mdc-button mat-mdc-button-base mat-mdc-button mat-unthemed">…</button> aka getByRole('button', { name: 'Learn More' })
        2) <button mat-button="" _ngcontent-ng-c650608222="" mat-ripple-loader-uninitialized="" mat-ripple-loader-class-name="mat-mdc-button-ripple" class="mdc-button mat-mdc-button-base mat-mdc-button mat-unthemed">…</button> aka getByRole('button', { name: 'EXPLORE' }).first()
        3) <button mat-button="" _ngcontent-ng-c650608222="" mat-ripple-loader-uninitialized="" mat-ripple-loader-class-name="mat-mdc-button-ripple" class="mdc-button mat-mdc-button-base mat-mdc-button mat-unthemed">…</button> aka getByRole('button', { name: 'DOCS' }).first()
        4) <button mat-button="" _ngcontent-ng-c650608222="" mat-ripple-loader-uninitialized="" mat-ripple-loader-class-name="mat-mdc-button-ripple" class="mdc-button mat-mdc-button-base mat-mdc-button mat-unthemed">…</button> aka getByRole('button', { name: 'EXPLORE' }).nth(1)
        5) <button mat-button="" _ngcontent-ng-c650608222="" mat-ripple-loader-uninitialized="" mat-ripple-loader-class-name="mat-mdc-button-ripple" class="mdc-button mat-mdc-button-base mat-mdc-button mat-unthemed">…</button> aka getByRole('button', { name: 'DOCS' }).nth(1)
        6) <button mat-button="" _ngcontent-ng-c650608222="" mat-ripple-loader-uninitialized="" mat-ripple-loader-class-name="mat-mdc-button-ripple" class="mdc-button mat-mdc-button-base mat-mdc-button mat-unthemed">…</button> aka getByRole('button', { name: 'EXPLORE' }).nth(2)
        7) <button mat-button="" _ngcontent-ng-c650608222="" mat-ripple-loader-uninitialized="" mat-ripple-loader-class-name="mat-mdc-button-ripple" class="mdc-button mat-mdc-button-base mat-mdc-button mat-unthemed">…</button> aka getByRole('button', { name: 'DOCS' }).nth(2)
        8) <button mat-button="" _ngcontent-ng-c650608222="" mat-ripple-loader-uninitialized="" mat-ripple-loader-class-name="mat-mdc-button-ripple" class="mdc-button mat-mdc-button-base mat-mdc-button mat-unthemed">…</button> aka getByRole('button', { name: 'EXPLORE' }).nth(3)
        9) <button mat-button="" _ngcontent-ng-c650608222="" mat-ripple-loader-uninitialized="" mat-ripple-loader-class-name="mat-mdc-button-ripple" class="mdc-button mat-mdc-button-base mat-mdc-button mat-unthemed">…</button> aka getByRole('button', { name: 'DOCS' }).nth(3)

    Call log:
      - expect.toBeVisible with timeout 5000ms
      - waiting for locator('button[mat-button]')


      367 |     
      368 |     await expect(page.locator('button[mat-raised-button]')).toBeVisible();
    > 369 |     await expect(page.locator('button[mat-button]')).toBeVisible();
          |                                                      ^
      370 |     
      371 |     // Test button click
      372 |     await page.click('button[mat-raised-button]');
        at C:\Games\AngularApp\angular-material-app\e2e\app.spec.ts:369:54

    attachment #1: screenshot (image/png) ──────────────────────────────────────────────────────────
    playwright-results\app-Material-Design-Compon-1c21a--Material-buttons-correctly-Google-Chrome\test-failed-1.png
    ────────────────────────────────────────────────────────────────────────────────────────────────

    attachment #2: video (video/webm) ──────────────────────────────────────────────────────────────
    playwright-results\app-Material-Design-Compon-1c21a--Material-buttons-correctly-Google-Chrome\video.webm
    ────────────────────────────────────────────────────────────────────────────────────────────────

    Error Context: ..\playwright-results\app-Material-Design-Compon-1c21a--Material-buttons-correctly-Google-Chrome\error-context.md
]]>
</failure>
<system-out>
<![CDATA[
[[ATTACHMENT|..\playwright-results\app-Material-Design-Compon-1c21a--Material-buttons-correctly-Google-Chrome\test-failed-1.png]]

[[ATTACHMENT|..\playwright-results\app-Material-Design-Compon-1c21a--Material-buttons-correctly-Google-Chrome\video.webm]]

[[ATTACHMENT|..\playwright-results\app-Material-Design-Compon-1c21a--Material-buttons-correctly-Google-Chrome\error-context.md]]
]]>
</system-out>
</testcase>
<testcase name="Material Design Components › should display Material icons" classname="app.spec.ts" time="1.043">
</testcase>
<testcase name="Material Design Components › should handle Material overlays" classname="app.spec.ts" time="0.993">
<failure message="app.spec.ts:383:7 should handle Material overlays" type="FAILURE">
<![CDATA[  [Google Chrome] › app.spec.ts:383:7 › Material Design Components › should handle Material overlays 

    Error: expect.toBeVisible: Error: strict mode violation: locator('.cdk-overlay-container mat-option') resolved to 5 elements:
        1) <mat-option role="option" id="mat-option-0" aria-selected="true" aria-disabled="false" _ngcontent-ng-c2716059831="" class="mat-mdc-option mdc-list-item mdc-list-item--selected mat-mdc-option-active">…</mat-option> aka getByRole('option', { name: 'English' })
        2) <mat-option role="option" id="mat-option-1" aria-selected="false" aria-disabled="false" _ngcontent-ng-c2716059831="" class="mat-mdc-option mdc-list-item">…</mat-option> aka getByRole('option', { name: 'Spanish' })
        3) <mat-option role="option" id="mat-option-2" aria-selected="false" aria-disabled="false" _ngcontent-ng-c2716059831="" class="mat-mdc-option mdc-list-item">…</mat-option> aka getByRole('option', { name: 'French' })
        4) <mat-option role="option" id="mat-option-3" aria-selected="false" aria-disabled="false" _ngcontent-ng-c2716059831="" class="mat-mdc-option mdc-list-item">…</mat-option> aka getByRole('option', { name: 'German' })
        5) <mat-option role="option" id="mat-option-4" aria-selected="false" aria-disabled="false" _ngcontent-ng-c2716059831="" class="mat-mdc-option mdc-list-item">…</mat-option> aka getByRole('option', { name: 'Japanese' })

    Call log:
      - expect.toBeVisible with timeout 5000ms
      - waiting for locator('.cdk-overlay-container mat-option')


      386 |     // Open select overlay
      387 |     await page.click('mat-select');
    > 388 |     await expect(page.locator('.cdk-overlay-container mat-option')).toBeVisible();
          |                                                                     ^
      389 |     
      390 |     // Close by clicking outside
      391 |     await page.click('body', { position: { x: 0, y: 0 } });
        at C:\Games\AngularApp\angular-material-app\e2e\app.spec.ts:388:69

    attachment #1: screenshot (image/png) ──────────────────────────────────────────────────────────
    playwright-results\app-Material-Design-Compon-a1173-ld-handle-Material-overlays-Google-Chrome\test-failed-1.png
    ────────────────────────────────────────────────────────────────────────────────────────────────

    attachment #2: video (video/webm) ──────────────────────────────────────────────────────────────
    playwright-results\app-Material-Design-Compon-a1173-ld-handle-Material-overlays-Google-Chrome\video.webm
    ────────────────────────────────────────────────────────────────────────────────────────────────

    Error Context: ..\playwright-results\app-Material-Design-Compon-a1173-ld-handle-Material-overlays-Google-Chrome\error-context.md
]]>
</failure>
<system-out>
<![CDATA[
[[ATTACHMENT|..\playwright-results\app-Material-Design-Compon-a1173-ld-handle-Material-overlays-Google-Chrome\test-failed-1.png]]

[[ATTACHMENT|..\playwright-results\app-Material-Design-Compon-a1173-ld-handle-Material-overlays-Google-Chrome\video.webm]]

[[ATTACHMENT|..\playwright-results\app-Material-Design-Compon-a1173-ld-handle-Material-overlays-Google-Chrome\error-context.md]]
]]>
</system-out>
</testcase>
<testcase name="Material Design Components › should have proper Material theming" classname="app.spec.ts" time="6.247">
<failure message="app.spec.ts:395:7 should have proper Material theming" type="FAILURE">
<![CDATA[  [Google Chrome] › app.spec.ts:395:7 › Material Design Components › should have proper Material theming 

    Error: Timed out 5000ms waiting for expect(locator).toHaveClass(expected)

    Locator: locator('body')
    Expected pattern: /mat-app-background/
    Received string:  "mat-typography"
    Call log:
      - expect.toHaveClass with timeout 5000ms
      - waiting for locator('body')
        8 × locator resolved to <body class="mat-typography">…</body>
          - unexpected value "mat-typography"


      397 |     
      398 |     // Check Material theme classes
    > 399 |     await expect(page.locator('body')).toHaveClass(/mat-app-background/);
          |                                        ^
      400 |     await expect(page.locator('mat-toolbar')).toHaveClass(/mat-toolbar/);
      401 |     await expect(page.locator('mat-card')).toHaveClass(/mat-card/);
      402 |   });
        at C:\Games\AngularApp\angular-material-app\e2e\app.spec.ts:399:40

    attachment #1: screenshot (image/png) ──────────────────────────────────────────────────────────
    playwright-results\app-Material-Design-Compon-009d7-ave-proper-Material-theming-Google-Chrome\test-failed-1.png
    ────────────────────────────────────────────────────────────────────────────────────────────────

    attachment #2: video (video/webm) ──────────────────────────────────────────────────────────────
    playwright-results\app-Material-Design-Compon-009d7-ave-proper-Material-theming-Google-Chrome\video.webm
    ────────────────────────────────────────────────────────────────────────────────────────────────

    Error Context: ..\playwright-results\app-Material-Design-Compon-009d7-ave-proper-Material-theming-Google-Chrome\error-context.md
]]>
</failure>
<system-out>
<![CDATA[
[[ATTACHMENT|..\playwright-results\app-Material-Design-Compon-009d7-ave-proper-Material-theming-Google-Chrome\test-failed-1.png]]

[[ATTACHMENT|..\playwright-results\app-Material-Design-Compon-009d7-ave-proper-Material-theming-Google-Chrome\video.webm]]

[[ATTACHMENT|..\playwright-results\app-Material-Design-Compon-009d7-ave-proper-Material-theming-Google-Chrome\error-context.md]]
]]>
</system-out>
</testcase>
</testsuite>
<testsuite name="mobile-iphone.spec.ts" timestamp="2025-06-04T17:59:15.692Z" hostname="Google Chrome" tests="11" failures="11" skipped="0" time="0.092" errors="0">
<testcase name="iPhone 12 Mobile Tests › should display mobile navigation correctly" classname="mobile-iphone.spec.ts" time="0.012">
<failure message="mobile-iphone.spec.ts:7:7 should display mobile navigation correctly" type="FAILURE">
<![CDATA[  [Google Chrome] › mobile-iphone.spec.ts:7:7 › iPhone 12 Mobile Tests › should display mobile navigation correctly 

    Error: browserType.launch: Unsupported webkit channel "chrome"
]]>
</failure>
</testcase>
<testcase name="iPhone 12 Mobile Tests › should stack dashboard cards vertically" classname="mobile-iphone.spec.ts" time="0.011">
<failure message="mobile-iphone.spec.ts:21:7 should stack dashboard cards vertically" type="FAILURE">
<![CDATA[  [Google Chrome] › mobile-iphone.spec.ts:21:7 › iPhone 12 Mobile Tests › should stack dashboard cards vertically 

    Error: browserType.launch: Unsupported webkit channel "chrome"
]]>
</failure>
</testcase>
<testcase name="iPhone 12 Mobile Tests › should handle mobile form layout" classname="mobile-iphone.spec.ts" time="0.008">
<failure message="mobile-iphone.spec.ts:32:7 should handle mobile form layout" type="FAILURE">
<![CDATA[  [Google Chrome] › mobile-iphone.spec.ts:32:7 › iPhone 12 Mobile Tests › should handle mobile form layout 

    Error: browserType.launch: Unsupported webkit channel "chrome"
]]>
</failure>
</testcase>
<testcase name="iPhone 12 Mobile Tests › should display products in mobile grid" classname="mobile-iphone.spec.ts" time="0.009">
<failure message="mobile-iphone.spec.ts:43:7 should display products in mobile grid" type="FAILURE">
<![CDATA[  [Google Chrome] › mobile-iphone.spec.ts:43:7 › iPhone 12 Mobile Tests › should display products in mobile grid 

    Error: browserType.launch: Unsupported webkit channel "chrome"
]]>
</failure>
</testcase>
<testcase name="iPhone 12 Mobile Tests › should handle mobile settings layout" classname="mobile-iphone.spec.ts" time="0.007">
<failure message="mobile-iphone.spec.ts:54:7 should handle mobile settings layout" type="FAILURE">
<![CDATA[  [Google Chrome] › mobile-iphone.spec.ts:54:7 › iPhone 12 Mobile Tests › should handle mobile settings layout 

    Error: browserType.launch: Unsupported webkit channel "chrome"
]]>
</failure>
</testcase>
<testcase name="iPhone 12 Mobile Tests › should handle touch gestures on Material components" classname="mobile-iphone.spec.ts" time="0.009">
<failure message="mobile-iphone.spec.ts:65:7 should handle touch gestures on Material components" type="FAILURE">
<![CDATA[  [Google Chrome] › mobile-iphone.spec.ts:65:7 › iPhone 12 Mobile Tests › should handle touch gestures on Material components 

    Error: browserType.launch: Unsupported webkit channel "chrome"
]]>
</failure>
</testcase>
<testcase name="iPhone 12 Mobile Tests › should handle touch interactions with toggles and sliders" classname="mobile-iphone.spec.ts" time="0.011">
<failure message="mobile-iphone.spec.ts:81:7 should handle touch interactions with toggles and sliders" type="FAILURE">
<![CDATA[  [Google Chrome] › mobile-iphone.spec.ts:81:7 › iPhone 12 Mobile Tests › should handle touch interactions with toggles and sliders 

    Error: browserType.launch: Unsupported webkit channel "chrome"
]]>
</failure>
</testcase>
<testcase name="iPhone 12 Mobile Tests › should handle touch navigation" classname="mobile-iphone.spec.ts" time="0.008">
<failure message="mobile-iphone.spec.ts:93:7 should handle touch navigation" type="FAILURE">
<![CDATA[  [Google Chrome] › mobile-iphone.spec.ts:93:7 › iPhone 12 Mobile Tests › should handle touch navigation 

    Error: browserType.launch: Unsupported webkit channel "chrome"
]]>
</failure>
</testcase>
<testcase name="iPhone 12 Mobile Tests › should have proper touch targets" classname="mobile-iphone.spec.ts" time="0.007">
<failure message="mobile-iphone.spec.ts:104:7 should have proper touch targets" type="FAILURE">
<![CDATA[  [Google Chrome] › mobile-iphone.spec.ts:104:7 › iPhone 12 Mobile Tests › should have proper touch targets 

    Error: browserType.launch: Unsupported webkit channel "chrome"
]]>
</failure>
</testcase>
<testcase name="iPhone 12 Mobile Tests › should have readable text sizes" classname="mobile-iphone.spec.ts" time="0.005">
<failure message="mobile-iphone.spec.ts:118:7 should have readable text sizes" type="FAILURE">
<![CDATA[  [Google Chrome] › mobile-iphone.spec.ts:118:7 › iPhone 12 Mobile Tests › should have readable text sizes 

    Error: browserType.launch: Unsupported webkit channel "chrome"
]]>
</failure>
</testcase>
<testcase name="iPhone 12 Mobile Tests › should handle focus management" classname="mobile-iphone.spec.ts" time="0.005">
<failure message="mobile-iphone.spec.ts:134:7 should handle focus management" type="FAILURE">
<![CDATA[  [Google Chrome] › mobile-iphone.spec.ts:134:7 › iPhone 12 Mobile Tests › should handle focus management 

    Error: browserType.launch: Unsupported webkit channel "chrome"
]]>
</failure>
</testcase>
</testsuite>
<testsuite name="mobile.spec.ts" timestamp="2025-06-04T17:59:15.692Z" hostname="Google Chrome" tests="7" failures="1" skipped="0" time="38.799" errors="0">
<testcase name="Cross-Device Navigation › should maintain navigation state across viewport changes" classname="mobile.spec.ts" time="1.077">
</testcase>
<testcase name="Cross-Device Navigation › should handle form interactions across devices" classname="mobile.spec.ts" time="1.465">
</testcase>
<testcase name="Orientation Changes › should handle portrait to landscape orientation" classname="mobile.spec.ts" time="1.144">
</testcase>
<testcase name="Orientation Changes › should maintain functionality in landscape mode" classname="mobile.spec.ts" time="30.842">
<failure message="mobile.spec.ts:56:7 should maintain functionality in landscape mode" type="FAILURE">
<![CDATA[  [Google Chrome] › mobile.spec.ts:56:7 › Orientation Changes › should maintain functionality in landscape mode 

    Test timeout of 30000ms exceeded.

    Error: page.click: Test timeout of 30000ms exceeded.
    Call log:
      - waiting for locator('mat-tab:has-text("Security")')


      63 |     
      64 |     // Tab navigation should work
    > 65 |     await page.click('mat-tab:has-text("Security")');
         |                ^
      66 |     await expect(page.locator('.security-form-card')).toBeVisible();
      67 |   });
      68 | });
        at C:\Games\AngularApp\angular-material-app\e2e\mobile.spec.ts:65:16

    attachment #1: screenshot (image/png) ──────────────────────────────────────────────────────────
    playwright-results\mobile-Orientation-Changes-b6d6e-tionality-in-landscape-mode-Google-Chrome\test-failed-1.png
    ────────────────────────────────────────────────────────────────────────────────────────────────

    attachment #2: video (video/webm) ──────────────────────────────────────────────────────────────
    playwright-results\mobile-Orientation-Changes-b6d6e-tionality-in-landscape-mode-Google-Chrome\video.webm
    ────────────────────────────────────────────────────────────────────────────────────────────────

    Error Context: ..\playwright-results\mobile-Orientation-Changes-b6d6e-tionality-in-landscape-mode-Google-Chrome\error-context.md
]]>
</failure>
<system-out>
<![CDATA[
[[ATTACHMENT|..\playwright-results\mobile-Orientation-Changes-b6d6e-tionality-in-landscape-mode-Google-Chrome\test-failed-1.png]]

[[ATTACHMENT|..\playwright-results\mobile-Orientation-Changes-b6d6e-tionality-in-landscape-mode-Google-Chrome\video.webm]]

[[ATTACHMENT|..\playwright-results\mobile-Orientation-Changes-b6d6e-tionality-in-landscape-mode-Google-Chrome\error-context.md]]
]]>
</system-out>
</testcase>
<testcase name="Responsive Design Tests › should show mobile menu button on small screens" classname="mobile.spec.ts" time="0.938">
</testcase>
<testcase name="Responsive Design Tests › should adapt dashboard layout for different screen sizes" classname="mobile.spec.ts" time="1.248">
</testcase>
<testcase name="Responsive Design Tests › should handle products grid responsively" classname="mobile.spec.ts" time="2.085">
</testcase>
</testsuite>
</testsuites>